<?xml version="1.0" encoding="UTF-8"?>
<!-- Generated by org.testng.reporters.JUnitReportReporter -->
<testsuite skipped="0" hostname="hp-PC" name="com.cva.cvam.Practice" tests="1" failures="0" timestamp="06 Mar 2019 03:09:52 GMT" time="22.175" errors="0">
  <testcase name="mn" time="22.175" classname="com.cva.cvam.Practice"/>
</testsuite> <!-- com.cva.cvam.Practice -->
